<?xml version="1.0" encoding="UTF-8"?>
<testng-results skipped="0" failed="0" ignored="0" total="1" passed="1">
  <reporter-output>
  </reporter-output>
  <suite name="Default suite" duration-ms="55544" started-at="2018-06-11T10:38:40Z" finished-at="2018-06-11T10:39:36Z">
    <groups>
    </groups>
    <test name="Default test" duration-ms="55544" started-at="2018-06-11T10:38:40Z" finished-at="2018-06-11T10:39:36Z">
      <class name="TestCases.TC_02">
        <test-method status="PASS" signature="testcase2()[pri:0, instance:TestCases.TC_02@1832929]" name="testcase2" duration-ms="55485" started-at="2018-06-11T16:08:40Z" finished-at="2018-06-11T16:09:36Z">
          <reporter-output>
          </reporter-output>
        </test-method> <!-- testcase2 -->
      </class> <!-- TestCases.TC_02 -->
    </test> <!-- Default test -->
  </suite> <!-- Default suite -->
</testng-results>
